#
# A fatal error has been detected by the Java Runtime Environment:
#
#  EXCEPTION_ACCESS_VIOLATION (0xc0000005) at pc=0x00000000689986bd, pid=4036, tid=4896
#
# JRE version: Java(TM) SE Runtime Environment (7.0_79-b15) (build 1.7.0_79-b15)
# Java VM: Java HotSpot(TM) 64-Bit Server VM (24.79-b02 mixed mode windows-amd64 compressed oops)
# Problematic frame:
# V  [jvm.dll+0x4386bd]
#
# Failed to write core dump. Minidumps are not enabled by default on client versions of Windows
#
# If you would like to submit a bug report, please visit:
#   http://bugreport.java.com/bugreport/crash.jsp
#

---------------  T H R E A D  ---------------

Current thread (0x0000000008725000):  JavaThread "C2 CompilerThread1" daemon [_thread_in_native, id=4896, stack(0x0000000009ef0000,0x0000000009ff0000)]

siginfo: ExceptionCode=0xc0000005, writing address 0x0000000060cc0568

Registers:
RAX=0x0000000009feebe0, RBX=0x0000000060cc0568, RCX=0x000000000000000a, RDX=0x000000000b7741a0
RSP=0x0000000009fec470, RBP=0x000000000b8ac228, RSI=0x000000000000001b, RDI=0x000000000b88c958
R8 =0xfffffffffffffff8, R9 =0x0000000009fec4f0, R10=0x0000000068cc0568, R11=0x0000000068560000
R12=0x00000000000003d8, R13=0x000000000a22e3c0, R14=0x000000000a22e798, R15=0x0000000000000000
RIP=0x00000000689986bd, EFLAGS=0x0000000000010246

Top of Stack: (sp=0x0000000009fec470)
0x0000000009fec470:   0000000009fec640 00000000000000c3
0x0000000009fec480:   0000000000000618 000000000aabf328
0x0000000009fec490:   000000000b88c958 00000000689ae544
0x0000000009fec4a0:   000000000000001b 00000000000000d8
0x0000000009fec4b0:   000000000b888ae8 0000000000000000
0x0000000009fec4c0:   fffffffffffffff8 0000000008710bb0
0x0000000009fec4d0:   000000000a85ae00 000000000036dde8
0x0000000009fec4e0:   000000000a85bb90 000000000a862de8
0x0000000009fec4f0:   0000000068b48668 0000000008710bb0
0x0000000009fec500:   0000000000000040 000000000bcba270
0x0000000009fec510:   0000000009fec5d0 0000000000000000
0x0000000009fec520:   000000000a22e798 000000000a22e3c0
0x0000000009fec530:   00000000000003d8 000000000a22e3b0
0x0000000009fec540:   0000000009fec660 0000000009fec8e0
0x0000000009fec550:   0000000009feebe0 0000000068962699
0x0000000009fec560:   0000000000000000 0000000000000001 

Instructions: (pc=0x00000000689986bd)
0x000000006899869d:   f2 48 8b 1c f0 ff 15 40 5d 12 00 48 8b 90 c0 03
0x00000000689986ad:   00 00 48 8b 82 80 00 00 00 48 8b 90 88 07 00 00
0x00000000689986bd:   48 89 13 8b 0d 22 c9 2c 00 ff 15 1c 5d 12 00 48
0x00000000689986cd:   8b 88 c0 03 00 00 48 8b 81 80 00 00 00 48 8d 0d 


Register to memory mapping:

RAX=0x0000000009feebe0 is pointing into the stack for thread: 0x0000000008725000
RBX=0x0000000060cc0568 is an unknown value
RCX=0x000000000000000a is an unknown value
RDX=0x000000000b7741a0 is an unknown value
RSP=0x0000000009fec470 is pointing into the stack for thread: 0x0000000008725000
RBP=0x000000000b8ac228 is an unknown value
RSI=0x000000000000001b is an unknown value
RDI=0x000000000b88c958 is an unknown value
R8 =0xfffffffffffffff8 is an unknown value
R9 =0x0000000009fec4f0 is pointing into the stack for thread: 0x0000000008725000
R10=0x0000000068cc0568 is an unknown value
R11=0x0000000068560000 is an unknown value
R12=0x00000000000003d8 is an unknown value
R13=0x000000000a22e3c0 is an unknown value
R14=0x000000000a22e798 is an unknown value
R15=0x0000000000000000 is an unknown value


Stack: [0x0000000009ef0000,0x0000000009ff0000],  sp=0x0000000009fec470,  free space=1009k
Native frames: (J=compiled Java code, j=interpreted, Vv=VM code, C=native code)
V  [jvm.dll+0x4386bd]


Current CompileTask:
C2:   2122  399   !         com.android.dx.cf.code.Ropper::processBlock (1101 bytes)


---------------  P R O C E S S  ---------------

Java Threads: ( => current thread )
  0x0000000008729800 JavaThread "Service Thread" daemon [_thread_blocked, id=4556, stack(0x000000000a0d0000,0x000000000a1d0000)]
=>0x0000000008725000 JavaThread "C2 CompilerThread1" daemon [_thread_in_native, id=4896, stack(0x0000000009ef0000,0x0000000009ff0000)]
  0x0000000008710000 JavaThread "C2 CompilerThread0" daemon [_thread_in_native, id=3640, stack(0x0000000009d10000,0x0000000009e10000)]
  0x000000000870d000 JavaThread "Attach Listener" daemon [_thread_blocked, id=4660, stack(0x0000000009690000,0x0000000009790000)]
  0x0000000008708000 JavaThread "Signal Dispatcher" daemon [_thread_blocked, id=4772, stack(0x0000000009bb0000,0x0000000009cb0000)]
  0x00000000086b6800 JavaThread "Finalizer" daemon [_thread_blocked, id=2320, stack(0x0000000009ab0000,0x0000000009bb0000)]
  0x00000000086af000 JavaThread "Reference Handler" daemon [_thread_blocked, id=3180, stack(0x0000000009940000,0x0000000009a40000)]
  0x000000000059e800 JavaThread "main" [_thread_in_Java, id=344, stack(0x0000000002570000,0x0000000002670000)]

Other Threads:
  0x00000000086ab800 VMThread [stack: 0x0000000009800000,0x0000000009900000] [id=2288]
  0x000000000872b800 WatcherThread [stack: 0x000000000a5f0000,0x000000000a6f0000] [id=3436]

VM state:not at safepoint (normal execution)

VM Mutex/Monitor currently owned by a thread: None

Heap
 PSYoungGen      total 35328K, used 16355K [0x00000000eaa80000, 0x00000000ef880000, 0x0000000100000000)
  eden space 32768K, 42% used [0x00000000eaa80000,0x00000000eb7fe840,0x00000000eca80000)
  from space 2560K, 99% used [0x00000000eca80000,0x00000000eccfa4d8,0x00000000ecd00000)
  to   space 7168K, 0% used [0x00000000ef180000,0x00000000ef180000,0x00000000ef880000)
 ParOldGen       total 42496K, used 13684K [0x00000000c0000000, 0x00000000c2980000, 0x00000000eaa80000)
  object space 42496K, 32% used [0x00000000c0000000,0x00000000c0d5d370,0x00000000c2980000)
 PSPermGen       total 21504K, used 5246K [0x00000000bae00000, 0x00000000bc300000, 0x00000000c0000000)
  object space 21504K, 24% used [0x00000000bae00000,0x00000000bb31faa0,0x00000000bc300000)

Card table byte_map: [0x0000000005670000,0x00000000058a0000] byte_map_base: 0x0000000005099000

Polling page: 0x0000000000430000

Code Cache  [0x0000000002670000, 0x00000000028e0000, 0x0000000005670000)
 total_blobs=626 nmethods=417 adapters=162 free_code_cache=47578Kb largest_free_block=48694720

Compilation events (10 events):
Event: 1.927 Thread 0x0000000008710000 nmethod 418 0x00000000027f7550 code [0x00000000027f76a0, 0x00000000027f7818]
Event: 1.927 Thread 0x0000000008710000  419             com.android.dx.ssa.back.LivenessAnalyzer::<init> (55 bytes)
Event: 1.931 Thread 0x0000000008710000 nmethod 419 0x00000000027f8a50 code [0x00000000027f8bc0, 0x00000000027f8f58]
Event: 1.931 Thread 0x0000000008710000  420             com.android.dx.util.LabeledList::rebuildLabelToIndex (46 bytes)
Event: 1.935 Thread 0x0000000008710000 nmethod 420 0x00000000027f6f90 code [0x00000000027f70e0, 0x00000000027f7318]
Event: 1.935 Thread 0x0000000008710000  421             com.android.dx.rop.cst.CstString::getType (4 bytes)
Event: 1.935 Thread 0x0000000008710000 nmethod 421 0x00000000027dcd90 code [0x00000000027dcec0, 0x00000000027dcf18]
Event: 1.935 Thread 0x0000000008710000  422             com.android.dx.cf.code.ExecutionStack::peek (42 bytes)
Event: 1.936 Thread 0x0000000008710000 nmethod 422 0x00000000027fdf90 code [0x00000000027fe0e0, 0x00000000027fe1a8]
Event: 1.936 Thread 0x0000000008710000  423   !         com.android.dx.cf.code.RopperMachine::run (1550 bytes)

GC Heap History (10 events):
Event: 0.579 GC heap before
{Heap before GC invocations=1 (full 0):
 PSYoungGen      total 18944K, used 16384K [0x00000000eaa80000, 0x00000000ebf80000, 0x0000000100000000)
  eden space 16384K, 100% used [0x00000000eaa80000,0x00000000eba80000,0x00000000eba80000)
  from space 2560K, 0% used [0x00000000ebd00000,0x00000000ebd00000,0x00000000ebf80000)
  to   space 2560K, 0% used [0x00000000eba80000,0x00000000eba80000,0x00000000ebd00000)
 ParOldGen       total 42496K, used 0K [0x00000000c0000000, 0x00000000c2980000, 0x00000000eaa80000)
  object space 42496K, 0% used [0x00000000c0000000,0x00000000c0000000,0x00000000c2980000)
 PSPermGen       total 21504K, used 4963K [0x00000000bae00000, 0x00000000bc300000, 0x00000000c0000000)
  object space 21504K, 23% used [0x00000000bae00000,0x00000000bb2d8dc8,0x00000000bc300000)
Event: 0.584 GC heap after
Heap after GC invocations=1 (full 0):
 PSYoungGen      total 18944K, used 2554K [0x00000000eaa80000, 0x00000000ebf80000, 0x0000000100000000)
  eden space 16384K, 0% used [0x00000000eaa80000,0x00000000eaa80000,0x00000000eba80000)
  from space 2560K, 99% used [0x00000000eba80000,0x00000000ebcfebb8,0x00000000ebd00000)
  to   space 2560K, 0% used [0x00000000ebd00000,0x00000000ebd00000,0x00000000ebf80000)
 ParOldGen       total 42496K, used 1955K [0x00000000c0000000, 0x00000000c2980000, 0x00000000eaa80000)
  object space 42496K, 4% used [0x00000000c0000000,0x00000000c01e8ef8,0x00000000c2980000)
 PSPermGen       total 21504K, used 4963K [0x00000000bae00000, 0x00000000bc300000, 0x00000000c0000000)
  object space 21504K, 23% used [0x00000000bae00000,0x00000000bb2d8dc8,0x00000000bc300000)
}
Event: 0.948 GC heap before
{Heap before GC invocations=2 (full 0):
 PSYoungGen      total 18944K, used 18938K [0x00000000eaa80000, 0x00000000ebf80000, 0x0000000100000000)
  eden space 16384K, 100% used [0x00000000eaa80000,0x00000000eba80000,0x00000000eba80000)
  from space 2560K, 99% used [0x00000000eba80000,0x00000000ebcfebb8,0x00000000ebd00000)
  to   space 2560K, 0% used [0x00000000ebd00000,0x00000000ebd00000,0x00000000ebf80000)
 ParOldGen       total 42496K, used 1955K [0x00000000c0000000, 0x00000000c2980000, 0x00000000eaa80000)
  object space 42496K, 4% used [0x00000000c0000000,0x00000000c01e8ef8,0x00000000c2980000)
 PSPermGen       total 21504K, used 5100K [0x00000000bae00000, 0x00000000bc300000, 0x00000000c0000000)
  object space 21504K, 23% used [0x00000000bae00000,0x00000000bb2fb0f0,0x00000000bc300000)
Event: 0.969 GC heap after
Heap after GC invocations=2 (full 0):
 PSYoungGen      total 18944K, used 2552K [0x00000000eaa80000, 0x00000000ecf80000, 0x0000000100000000)
  eden space 16384K, 0% used [0x00000000eaa80000,0x00000000eaa80000,0x00000000eba80000)
  from space 2560K, 99% used [0x00000000ebd00000,0x00000000ebf7e200,0x00000000ebf80000)
  to   space 2560K, 0% used [0x00000000eba80000,0x00000000eba80000,0x00000000ebd00000)
 ParOldGen       total 42496K, used 4052K [0x00000000c0000000, 0x00000000c2980000, 0x00000000eaa80000)
  object space 42496K, 9% used [0x00000000c0000000,0x00000000c03f5228,0x00000000c2980000)
 PSPermGen       total 21504K, used 5100K [0x00000000bae00000, 0x00000000bc300000, 0x00000000c0000000)
  object space 21504K, 23% used [0x00000000bae00000,0x00000000bb2fb0f0,0x00000000bc300000)
}
Event: 1.252 GC heap before
{Heap before GC invocations=3 (full 0):
 PSYoungGen      total 18944K, used 18936K [0x00000000eaa80000, 0x00000000ecf80000, 0x0000000100000000)
  eden space 16384K, 100% used [0x00000000eaa80000,0x00000000eba80000,0x00000000eba80000)
  from space 2560K, 99% used [0x00000000ebd00000,0x00000000ebf7e200,0x00000000ebf80000)
  to   space 2560K, 0% used [0x00000000eba80000,0x00000000eba80000,0x00000000ebd00000)
 ParOldGen       total 42496K, used 4052K [0x00000000c0000000, 0x00000000c2980000, 0x00000000eaa80000)
  object space 42496K, 9% used [0x00000000c0000000,0x00000000c03f5228,0x00000000c2980000)
 PSPermGen       total 21504K, used 5142K [0x00000000bae00000, 0x00000000bc300000, 0x00000000c0000000)
  object space 21504K, 23% used [0x00000000bae00000,0x00000000bb305998,0x00000000bc300000)
Event: 1.260 GC heap after
Heap after GC invocations=3 (full 0):
 PSYoungGen      total 18944K, used 2541K [0x00000000eaa80000, 0x00000000ecf80000, 0x0000000100000000)
  eden space 16384K, 0% used [0x00000000eaa80000,0x00000000eaa80000,0x00000000eba80000)
  from space 2560K, 99% used [0x00000000eba80000,0x00000000ebcfb408,0x00000000ebd00000)
  to   space 2560K, 0% used [0x00000000ecd00000,0x00000000ecd00000,0x00000000ecf80000)
 ParOldGen       total 42496K, used 6397K [0x00000000c0000000, 0x00000000c2980000, 0x00000000eaa80000)
  object space 42496K, 15% used [0x00000000c0000000,0x00000000c063f4b8,0x00000000c2980000)
 PSPermGen       total 21504K, used 5142K [0x00000000bae00000, 0x00000000bc300000, 0x00000000c0000000)
  object space 21504K, 23% used [0x00000000bae00000,0x00000000bb305998,0x00000000bc300000)
}
Event: 1.538 GC heap before
{Heap before GC invocations=4 (full 0):
 PSYoungGen      total 18944K, used 18925K [0x00000000eaa80000, 0x00000000ecf80000, 0x0000000100000000)
  eden space 16384K, 100% used [0x00000000eaa80000,0x00000000eba80000,0x00000000eba80000)
  from space 2560K, 99% used [0x00000000eba80000,0x00000000ebcfb408,0x00000000ebd00000)
  to   space 2560K, 0% used [0x00000000ecd00000,0x00000000ecd00000,0x00000000ecf80000)
 ParOldGen       total 42496K, used 6397K [0x00000000c0000000, 0x00000000c2980000, 0x00000000eaa80000)
  object space 42496K, 15% used [0x00000000c0000000,0x00000000c063f4b8,0x00000000c2980000)
 PSPermGen       total 21504K, used 5164K [0x00000000bae00000, 0x00000000bc300000, 0x00000000c0000000)
  object space 21504K, 24% used [0x00000000bae00000,0x00000000bb30b2d8,0x00000000bc300000)
Event: 1.546 GC heap after
Heap after GC invocations=4 (full 0):
 PSYoungGen      total 35328K, used 2555K [0x00000000eaa80000, 0x00000000ecf80000, 0x0000000100000000)
  eden space 32768K, 0% used [0x00000000eaa80000,0x00000000eaa80000,0x00000000eca80000)
  from space 2560K, 99% used [0x00000000ecd00000,0x00000000ecf7ed60,0x00000000ecf80000)
  to   space 2560K, 0% used [0x00000000eca80000,0x00000000eca80000,0x00000000ecd00000)
 ParOldGen       total 42496K, used 8872K [0x00000000c0000000, 0x00000000c2980000, 0x00000000eaa80000)
  object space 42496K, 20% used [0x00000000c0000000,0x00000000c08aa290,0x00000000c2980000)
 PSPermGen       total 21504K, used 5164K [0x00000000bae00000, 0x00000000bc300000, 0x00000000c0000000)
  object space 21504K, 24% used [0x00000000bae00000,0x00000000bb30b2d8,0x00000000bc300000)
}
Event: 1.955 GC heap before
{Heap before GC invocations=5 (full 0):
 PSYoungGen      total 35328K, used 35323K [0x00000000eaa80000, 0x00000000ecf80000, 0x0000000100000000)
  eden space 32768K, 100% used [0x00000000eaa80000,0x00000000eca80000,0x00000000eca80000)
  from space 2560K, 99% used [0x00000000ecd00000,0x00000000ecf7ed60,0x00000000ecf80000)
  to   space 2560K, 0% used [0x00000000eca80000,0x00000000eca80000,0x00000000ecd00000)
 ParOldGen       total 42496K, used 8872K [0x00000000c0000000, 0x00000000c2980000, 0x00000000eaa80000)
  object space 42496K, 20% used [0x00000000c0000000,0x00000000c08aa290,0x00000000c2980000)
 PSPermGen       total 21504K, used 5241K [0x00000000bae00000, 0x00000000bc300000, 0x00000000c0000000)
  object space 21504K, 24% used [0x00000000bae00000,0x00000000bb31e558,0x00000000bc300000)
Event: 1.970 GC heap after
Heap after GC invocations=5 (full 0):
 PSYoungGen      total 35328K, used 2537K [0x00000000eaa80000, 0x00000000ef880000, 0x0000000100000000)
  eden space 32768K, 0% used [0x00000000eaa80000,0x00000000eaa80000,0x00000000eca80000)
  from space 2560K, 99% used [0x00000000eca80000,0x00000000eccfa4d8,0x00000000ecd00000)
  to   space 7168K, 0% used [0x00000000ef180000,0x00000000ef180000,0x00000000ef880000)
 ParOldGen       total 42496K, used 13684K [0x00000000c0000000, 0x00000000c2980000, 0x00000000eaa80000)
  object space 42496K, 32% used [0x00000000c0000000,0x00000000c0d5d370,0x00000000c2980000)
 PSPermGen       total 21504K, used 5241K [0x00000000bae00000, 0x00000000bc300000, 0x00000000c0000000)
  object space 21504K, 24% used [0x00000000bae00000,0x00000000bb31e558,0x00000000bc300000)
}

Deoptimization events (10 events):
Event: 0.483 Thread 0x000000000059e800 Uncommon trap: reason=class_check action=maybe_recompile pc=0x00000000026eb4f4 method=com.android.dx.ssa.NormalSsaInsn.accept(Lcom/android/dx/ssa/SsaInsn$Visitor;)V @ 9
Event: 0.500 Thread 0x000000000059e800 Uncommon trap: reason=null_check action=make_not_entrant pc=0x00000000026f6b38 method=com.android.dx.rop.code.LocalItem.equals(Ljava/lang/Object;)Z @ 1
Event: 0.552 Thread 0x000000000059e800 Uncommon trap: reason=unreached action=reinterpret pc=0x00000000026d6b84 method=com.android.dx.rop.cst.Constant.compareTo(Lcom/android/dx/rop/cst/Constant;)I @ 12
Event: 0.769 Thread 0x000000000059e800 Uncommon trap: reason=null_check action=make_not_entrant pc=0x000000000272fa18 method=com.android.dx.rop.code.RegisterSpec.equals(Ljava/lang/Object;)Z @ 1
Event: 1.008 Thread 0x000000000059e800 Uncommon trap: reason=class_check action=maybe_recompile pc=0x00000000027078cc method=com.android.dx.ssa.SCCP.simulatePhi(Lcom/android/dx/ssa/PhiInsn;)V @ 124
Event: 1.091 Thread 0x000000000059e800 Uncommon trap: reason=null_check action=make_not_entrant pc=0x00000000027638ac method=com.android.dx.rop.type.Type.putIntern(Lcom/android/dx/rop/type/Type;)Lcom/android/dx/rop/type/Type; @ 18
Event: 1.274 Thread 0x000000000059e800 Uncommon trap: reason=null_check action=make_not_entrant pc=0x0000000002788dc0 method=com.android.dx.dex.file.MethodIdsSection.intern(Lcom/android/dx/rop/cst/CstBaseMethodRef;)Lcom/android/dx/dex/file/MethodIdItem; @ 26
Event: 1.426 Thread 0x000000000059e800 Uncommon trap: reason=null_check action=make_not_entrant pc=0x00000000027a85e0 method=com.android.dx.cf.code.Ropper$CatchInfo.getSetup(Lcom/android/dx/rop/type/Type;)Lcom/android/dx/cf/code/Ropper$ExceptionHandlerSetup; @ 10
Event: 1.918 Thread 0x000000000059e800 Uncommon trap: reason=unreached action=reinterpret pc=0x0000000002786aec method=com.android.dx.ssa.MoveParamCombiner$1.visitNonMoveInsn(Lcom/android/dx/ssa/NormalSsaInsn;)V @ 27
Event: 1.972 Thread 0x000000000059e800 Uncommon trap: reason=bimorphic action=maybe_recompile pc=0x00000000027c08a8 method=com.android.dx.cf.code.Merger.mergeType(Lcom/android/dx/rop/type/TypeBearer;Lcom/android/dx/rop/type/TypeBearer;)Lcom/android/dx/rop/type/TypeBearer; @ 6

Internal exceptions (10 events):
Event: 0.603 Thread 0x000000000059e800 Threw 0x00000000eab82bb8 at C:\re\jdk7u79\2331\hotspot\src\share\vm\prims\jvm.cpp:1304
Event: 0.769 Thread 0x000000000059e800 Implicit null exception at 0x000000000272ebce to 0x000000000272f9ed
Event: 1.091 Thread 0x000000000059e800 Implicit null exception at 0x00000000027631bf to 0x000000000276389d
Event: 1.274 Thread 0x000000000059e800 Implicit null exception at 0x000000000278840c to 0x0000000002788db0
Event: 1.426 Thread 0x000000000059e800 Implicit null exception at 0x00000000027a65c4 to 0x00000000027a85d5
Event: 1.662 Thread 0x000000000059e800 Threw 0x00000000eb3404a8 at C:\re\jdk7u79\2331\hotspot\src\share\vm\prims\jvm.cpp:1304
Event: 1.820 Thread 0x000000000059e800 Threw 0x00000000ec00d8e8 at C:\re\jdk7u79\2331\hotspot\src\share\vm\prims\jvm.cpp:1304
Event: 1.839 Thread 0x000000000059e800 Threw 0x00000000ec242d18 at C:\re\jdk7u79\2331\hotspot\src\share\vm\prims\jvm.cpp:1304
Event: 1.840 Thread 0x000000000059e800 Threw 0x00000000ec24d188 at C:\re\jdk7u79\2331\hotspot\src\share\vm\prims\jvm.cpp:1304
Event: 1.841 Thread 0x000000000059e800 Threw 0x00000000ec24fae0 at C:\re\jdk7u79\2331\hotspot\src\share\vm\prims\jvm.cpp:1304

Events (10 events):
Event: 1.918 Thread 0x000000000059e800 Uncommon trap: trap_request=0xffffffad fr.pc=0x0000000002786aec
Event: 1.918 Thread 0x000000000059e800 DEOPT PACKING pc=0x0000000002786aec sp=0x000000000266e1d0
Event: 1.918 Thread 0x000000000059e800 DEOPT UNPACKING pc=0x00000000026a9064 sp=0x000000000266e128 mode 2
Event: 1.934 loading class 0x00000000006560f0
Event: 1.934 loading class 0x00000000006560f0 done
Event: 1.954 Executing VM operation: ParallelGCFailedAllocation
Event: 1.970 Executing VM operation: ParallelGCFailedAllocation done
Event: 1.972 Thread 0x000000000059e800 Uncommon trap: trap_request=0xffffffc6 fr.pc=0x00000000027c08a8
Event: 1.972 Thread 0x000000000059e800 DEOPT PACKING pc=0x00000000027c08a8 sp=0x000000000266e060
Event: 1.972 Thread 0x000000000059e800 DEOPT UNPACKING pc=0x00000000026a9064 sp=0x000000000266dff8 mode 2


Dynamic libraries:
0x000000013f720000 - 0x000000013f753000 	C:\Program Files\Java\jdk1.7.0_79\bin\java.exe
0x0000000077210000 - 0x00000000773bb000 	C:\Windows\SYSTEM32\ntdll.dll
0x00000000770f0000 - 0x000000007720f000 	C:\Windows\system32\kernel32.dll
0x000007fefd220000 - 0x000007fefd28b000 	C:\Windows\system32\KERNELBASE.dll
0x000007feff090000 - 0x000007feff16b000 	C:\Windows\system32\ADVAPI32.dll
0x000007fefdf60000 - 0x000007fefdfff000 	C:\Windows\system32\msvcrt.dll
0x000007fefd7b0000 - 0x000007fefd7cf000 	C:\Windows\SYSTEM32\sechost.dll
0x000007fefee40000 - 0x000007fefef6e000 	C:\Windows\system32\RPCRT4.dll
0x0000000076ff0000 - 0x00000000770ea000 	C:\Windows\system32\USER32.dll
0x000007fefd740000 - 0x000007fefd7a7000 	C:\Windows\system32\GDI32.dll
0x000007fefd650000 - 0x000007fefd65e000 	C:\Windows\system32\LPK.dll
0x000007fefefc0000 - 0x000007feff08a000 	C:\Windows\system32\USP10.dll
0x000007fefbb70000 - 0x000007fefbd64000 	C:\Windows\WinSxS\amd64_microsoft.windows.common-controls_6595b64144ccf1df_6.0.7600.16385_none_fa645303170382f6\COMCTL32.dll
0x000007fefdee0000 - 0x000007fefdf51000 	C:\Windows\system32\SHLWAPI.dll
0x000007feff2f0000 - 0x000007feff31e000 	C:\Windows\system32\IMM32.DLL
0x000007fefd540000 - 0x000007fefd649000 	C:\Windows\system32\MSCTF.dll
0x0000000070ea0000 - 0x0000000070f72000 	C:\Program Files\Java\jdk1.7.0_79\jre\bin\msvcr100.dll
0x0000000068560000 - 0x0000000068d35000 	C:\Program Files\Java\jdk1.7.0_79\jre\bin\server\jvm.dll
0x000007fefb700000 - 0x000007fefb709000 	C:\Windows\system32\WSOCK32.dll
0x000007fefda60000 - 0x000007fefdaad000 	C:\Windows\system32\WS2_32.dll
0x000007fefed90000 - 0x000007fefed98000 	C:\Windows\system32\NSI.dll
0x000007fef9390000 - 0x000007fef93cb000 	C:\Windows\system32\WINMM.dll
0x00000000773d0000 - 0x00000000773d7000 	C:\Windows\system32\PSAPI.DLL
0x0000000073b50000 - 0x0000000073b5f000 	C:\Program Files\Java\jdk1.7.0_79\jre\bin\verify.dll
0x0000000071c30000 - 0x0000000071c58000 	C:\Program Files\Java\jdk1.7.0_79\jre\bin\java.dll
0x0000000072fd0000 - 0x0000000072fe5000 	C:\Program Files\Java\jdk1.7.0_79\jre\bin\zip.dll
0x000007fef3c30000 - 0x000007fef3d55000 	C:\Windows\system32\dbghelp.dll

VM Arguments:
jvm_args: -Xmx1024M -Dfile.encoding=windows-1252 -Duser.country=US -Duser.language=en -Duser.variant 
java_command: com.android.dx.command.Main --dex --output D:\DeepakAndroid\ShineCity-mlmPanel-master\app\build\intermediates\dex\debug D:\DeepakAndroid\ShineCity-mlmPanel-master\app\build\intermediates\classes\debug D:\DeepakAndroid\ShineCity-mlmPanel-master\app\build\intermediates\pre-dexed\debug\support-annotations-22.2.0-941e5f6dd9d3d2195dded411b44b45369a779930.jar D:\DeepakAndroid\ShineCity-mlmPanel-master\app\build\intermediates\pre-dexed\debug\classes-1ed75a7018bc987ecc588f7537ac1c705aa97650.jar D:\DeepakAndroid\ShineCity-mlmPanel-master\app\build\intermediates\pre-dexed\debug\slider-d5b29ca9e439669cb8ba19fd6b5fb042ccca0b20.jar D:\DeepakAndroid\ShineCity-mlmPanel-master\app\build\intermediates\pre-dexed\debug\classes-02e2e7dbcac8e696b477aee3eb3267d527fdfccb.jar D:\DeepakAndroid\ShineCity-mlmPanel-master\app\build\intermediates\pre-dexed\debug\otto-1.3.7-cbf7c77d9dbb04cc239a6ad5aeb7969d5dff1f3c.jar D:\DeepakAndroid\ShineCity-mlmPanel-master\app\build\intermediates\pre-dexed\debug\butterknife-6.1.0-b8b04f904af153359c4a89034d33a001cade3b10.jar D:\DeepakAndroid\ShineCity-mlmPanel-master\app\build\intermediates\pre-dexed\debug\classes-3900f17d6e9b76aac8b026b8faef7f895052f18a.jar D:\DeepakAndroid\ShineCity-mlmPanel-master\app\build\intermediates\pre-dexed\debug\internal_impl-22.2.0-6662e21711a87a4205dc9a2bf835cf3ffe1230a6.jar D:\DeepakAndroid\ShineCity-mlmPanel-master\app\build\intermediates\pre-dexed\debug\classes-b728ea8f8119ef7c6c5d0730d5f4e34cd01260fc.jar D:\DeepakAndroid\ShineCity-mlmPanel-master\app\build\intermediates\pre-dexed\debug\classes-f1e3a702e6d0168026cc793b82a5aa7ad0d33b24.jar
Launcher Type: SUN_STANDARD

Environment Variables:
JAVA_HOME=C:\Program Files\Java\jdk1.7.0_79
CLASSPATH=C:\Program Files\Java\jdk1.7.0_79\bin;
PATH=C:\Windows\system32;C:\Windows;C:\Windows\System32\Wbem;C:\Windows\System32\WindowsPowerShell\v1.0\;C:\Program Files\Microsoft\Web Platform Installer\;C:\Program Files (x86)\Microsoft ASP.NET\ASP.NET Web Pages\v1.0\;C:\Program Files\Java\jdk1.7.0_79\bin\;D:\softwares\adt-bundle-windows-x86_64-20140702\adt-bundle-windows-x86_64-20140702\sdk\tools\;D:\softwares\adt-bundle-windows-x86_64-20140702\adt-bundle-windows-x86_64-20140702\sdk\platform-tools\;C:\Users\intex\AppData\Local\Android\sdk\platform-tools;C:\Program Files (x86)\Common Files\lenovo\easyplussdk\bin;C:\Program Files (x86)\Skype\Phone\
USERNAME=intex
OS=Windows_NT
PROCESSOR_IDENTIFIER=Intel64 Family 6 Model 58 Stepping 9, GenuineIntel



---------------  S Y S T E M  ---------------

OS: Windows 7 , 64 bit Build 7600 

CPU:total 4 (2 cores per cpu, 2 threads per core) family 6 model 58 stepping 9, cmov, cx8, fxsr, mmx, sse, sse2, sse3, ssse3, sse4.1, sse4.2, popcnt, erms, ht, tsc, tscinvbit, tscinv

Memory: 4k page, physical 4085276k(655700k free), swap 8168656k(3975580k free)

vm_info: Java HotSpot(TM) 64-Bit Server VM (24.79-b02) for windows-amd64 JRE (1.7.0_79-b15), built on Apr 10 2015 12:36:16 by "java_re" with unknown MS VC++:1600

time: Sat Sep 03 11:57:04 2016
elapsed time: 2 seconds

