#
# A fatal error has been detected by the Java Runtime Environment:
#
#  EXCEPTION_ACCESS_VIOLATION (0xc0000005) at pc=0x000000006a308e91, pid=2624, tid=5340
#
# JRE version: Java(TM) SE Runtime Environment (7.0_79-b15) (build 1.7.0_79-b15)
# Java VM: Java HotSpot(TM) 64-Bit Server VM (24.79-b02 mixed mode windows-amd64 compressed oops)
# Problematic frame:
# V  [jvm.dll+0x418e91]
#
# Failed to write core dump. Minidumps are not enabled by default on client versions of Windows
#
# If you would like to submit a bug report, please visit:
#   http://bugreport.java.com/bugreport/crash.jsp
#

---------------  T H R E A D  ---------------

Current thread (0x000000000886e000):  JavaThread "C2 CompilerThread1" daemon [_thread_in_native, id=5340, stack(0x0000000009920000,0x0000000009a20000)]

siginfo: ExceptionCode=0xc0000005, reading address 0x00000000024bba70

Registers:
RAX=0x000000000bb99ae0, RBX=0x0000000000000070, RCX=0x00000000024bba70, RDX=0x000000000be10d10
RSP=0x0000000009a1bb60, RBP=0x000000000be10d60, RSI=0x0000000000000000, RDI=0x000000000000000e
R8 =0x000000000be10d10, R9 =0x000000000be0e5b0, R10=0x000000000be10db0, R11=0x000000000be10d60
R12=0x000000000be0e5b0, R13=0x000000000b08b690, R14=0x000000000bb99a08, R15=0x000000000cc4eb60
RIP=0x000000006a308e91, EFLAGS=0x0000000000010202

Top of Stack: (sp=0x0000000009a1bb60)
0x0000000009a1bb60:   0000000000000008 0000000000000000
0x0000000009a1bb70:   0000000000000001 000000000b08b690
0x0000000009a1bb80:   000000000000007e 000000000cc4eb60
0x0000000009a1bb90:   0000000000018360 000000000cc552a0
0x0000000009a1bba0:   000000000b08b690 000000000cc56b48
0x0000000009a1bbb0:   0000000008868e20 000000006a4d8668
0x0000000009a1bbc0:   0000000008868e20 0000000000000020
0x0000000009a1bbd0:   000000000b08c820 000000000cc50b70
0x0000000009a1bbe0:   000000000a4cc470 0000000008868e20
0x0000000009a1bbf0:   0000000000000000 000000000a5c0060
0x0000000009a1bc00:   0000000008868e20 0000000009a1c050
0x0000000009a1bc10:   0000000000000000 0000000009a1bd30
0x0000000009a1bc20:   0000000009a1c070 000000006a3471f4
0x0000000009a1bc30:   0000000009a1c050 000000000000009e
0x0000000009a1bc40:   000000000be0e5b0 000000000be10d60
0x0000000009a1bc50:   000000000a5c6190 000000000a5c8048 

Instructions: (pc=0x000000006a308e91)
0x000000006a308e71:   b6 00 00 00 48 8b de 0f 1f 84 00 00 00 00 00 49
0x000000006a308e81:   8b 46 08 48 8b 0c 03 48 85 c9 0f 84 8a 00 00 00
0x000000006a308e91:   48 8b 01 ff 50 10 84 c0 0f 84 7c 00 00 00 49 8b
0x000000006a308ea1:   46 08 48 8b 0c 03 8b 41 28 41 8b 4c 85 00 83 f9 


Register to memory mapping:

RAX=0x000000000bb99ae0 is an unknown value
RBX=0x0000000000000070 is an unknown value
RCX=0x00000000024bba70 is an unknown value
RDX=0x000000000be10d10 is an unknown value
RSP=0x0000000009a1bb60 is pointing into the stack for thread: 0x000000000886e000
RBP=0x000000000be10d60 is an unknown value
RSI=0x0000000000000000 is an unknown value
RDI=0x000000000000000e is an unknown value
R8 =0x000000000be10d10 is an unknown value
R9 =0x000000000be0e5b0 is an unknown value
R10=0x000000000be10db0 is an unknown value
R11=0x000000000be10d60 is an unknown value
R12=0x000000000be0e5b0 is an unknown value
R13=0x000000000b08b690 is an unknown value
R14=0x000000000bb99a08 is an unknown value
R15=0x000000000cc4eb60 is an unknown value


Stack: [0x0000000009920000,0x0000000009a20000],  sp=0x0000000009a1bb60,  free space=1006k
Native frames: (J=compiled Java code, j=interpreted, Vv=VM code, C=native code)
V  [jvm.dll+0x418e91]


Current CompileTask:
C2:   4353  447             com.android.dx.cf.code.BaseMachine::popArgs (62 bytes)


---------------  P R O C E S S  ---------------

Java Threads: ( => current thread )
  0x000000000a5b2800 JavaThread "pool-1-thread-4" [_thread_blocked, id=1204, stack(0x000000000ae90000,0x000000000af90000)]
  0x000000000a575800 JavaThread "pool-1-thread-3" [_thread_blocked, id=5856, stack(0x000000000acd0000,0x000000000add0000)]
  0x000000000a574800 JavaThread "pool-1-thread-2" [_thread_blocked, id=4900, stack(0x000000000ab50000,0x000000000ac50000)]
  0x000000000a59c000 JavaThread "pool-2-thread-1" [_thread_blocked, id=5944, stack(0x000000000a960000,0x000000000aa60000)]
  0x000000000a647000 JavaThread "pool-1-thread-1" [_thread_blocked, id=1520, stack(0x000000000a860000,0x000000000a960000)]
  0x000000000886e800 JavaThread "Service Thread" daemon [_thread_blocked, id=2232, stack(0x000000000a150000,0x000000000a250000)]
=>0x000000000886e000 JavaThread "C2 CompilerThread1" daemon [_thread_in_native, id=5340, stack(0x0000000009920000,0x0000000009a20000)]
  0x0000000008868800 JavaThread "C2 CompilerThread0" daemon [_thread_in_native, id=5964, stack(0x0000000009fc0000,0x000000000a0c0000)]
  0x0000000008865000 JavaThread "Attach Listener" daemon [_thread_blocked, id=3740, stack(0x0000000009dc0000,0x0000000009ec0000)]
  0x0000000008860000 JavaThread "Signal Dispatcher" daemon [_thread_blocked, id=2564, stack(0x0000000009c00000,0x0000000009d00000)]
  0x0000000008806800 JavaThread "Finalizer" daemon [_thread_blocked, id=3672, stack(0x0000000009a80000,0x0000000009b80000)]
  0x00000000087ff800 JavaThread "Reference Handler" daemon [_thread_blocked, id=6012, stack(0x0000000009660000,0x0000000009760000)]
  0x000000000228f000 JavaThread "main" [_thread_in_vm, id=3028, stack(0x00000000025c0000,0x00000000026c0000)]

Other Threads:
  0x00000000087fc000 VMThread [stack: 0x00000000097c0000,0x00000000098c0000] [id=2756]
  0x000000000887d000 WatcherThread [stack: 0x000000000a360000,0x000000000a460000] [id=5988]

VM state:not at safepoint (normal execution)

VM Mutex/Monitor currently owned by a thread: None

Heap
 PSYoungGen      total 72704K, used 34376K [0x00000000eaa80000, 0x00000000efc80000, 0x0000000100000000)
  eden space 64512K, 41% used [0x00000000eaa80000,0x00000000ec46b6e8,0x00000000ee980000)
  from space 8192K, 95% used [0x00000000ef280000,0x00000000efa26c90,0x00000000efa80000)
  to   space 9216K, 0% used [0x00000000ee980000,0x00000000ee980000,0x00000000ef280000)
 ParOldGen       total 42496K, used 16690K [0x00000000c0000000, 0x00000000c2980000, 0x00000000eaa80000)
  object space 42496K, 39% used [0x00000000c0000000,0x00000000c104ca18,0x00000000c2980000)
 PSPermGen       total 21504K, used 5959K [0x00000000bae00000, 0x00000000bc300000, 0x00000000c0000000)
  object space 21504K, 27% used [0x00000000bae00000,0x00000000bb3d1f70,0x00000000bc300000)

Card table byte_map: [0x00000000056c0000,0x00000000058f0000] byte_map_base: 0x00000000050e9000

Polling page: 0x0000000000230000

Code Cache  [0x00000000026c0000, 0x0000000002930000, 0x00000000056c0000)
 total_blobs=706 nmethods=470 adapters=189 free_code_cache=47162Kb largest_free_block=48260224

Compilation events (10 events):
Event: 4.106 Thread 0x0000000008868800 nmethod 442 0x00000000028835d0 code [0x0000000002883700, 0x0000000002883758]
Event: 4.106 Thread 0x0000000008868800  443             com.android.dx.ssa.SsaRenamer$BlockRenamer$RenamingMapper::<init> (10 bytes)
Event: 4.107 Thread 0x0000000008868800 nmethod 443 0x0000000002893fd0 code [0x0000000002894100, 0x0000000002894158]
Event: 4.107 Thread 0x0000000008868800  444             com.android.dx.ssa.SsaRenamer$BlockRenamer::<init> (72 bytes)
Event: 4.112 Thread 0x0000000008868800 nmethod 444 0x0000000002892050 code [0x00000000028921c0, 0x0000000002892598]
Event: 4.112 Thread 0x0000000008868800  445             com.android.dx.ssa.back.FirstFitLocalCombiningAllocator::handleNormalUnassociated (99 bytes)
Event: 4.175 Thread 0x000000000886e000 nmethod 429 0x000000000289b9d0 code [0x000000000289bd80, 0x000000000289eae0]
Event: 4.175 Thread 0x000000000886e000  446   !         com.android.dx.ssa.LocalVariableInfo::setStarts (40 bytes)
Event: 4.176 Thread 0x000000000886e000 nmethod 446 0x0000000002891c50 code [0x0000000002891da0, 0x0000000002891e78]
Event: 4.176 Thread 0x000000000886e000  447             com.android.dx.cf.code.BaseMachine::popArgs (62 bytes)

GC Heap History (10 events):
Event: 1.759 GC heap before
{Heap before GC invocations=2 (full 0):
 PSYoungGen      total 18944K, used 18940K [0x00000000eaa80000, 0x00000000ebf80000, 0x0000000100000000)
  eden space 16384K, 100% used [0x00000000eaa80000,0x00000000eba80000,0x00000000eba80000)
  from space 2560K, 99% used [0x00000000eba80000,0x00000000ebcff3d0,0x00000000ebd00000)
  to   space 2560K, 0% used [0x00000000ebd00000,0x00000000ebd00000,0x00000000ebf80000)
 ParOldGen       total 42496K, used 1832K [0x00000000c0000000, 0x00000000c2980000, 0x00000000eaa80000)
  object space 42496K, 4% used [0x00000000c0000000,0x00000000c01ca1a0,0x00000000c2980000)
 PSPermGen       total 21504K, used 5373K [0x00000000bae00000, 0x00000000bc300000, 0x00000000c0000000)
  object space 21504K, 24% used [0x00000000bae00000,0x00000000bb33f4b8,0x00000000bc300000)
Event: 1.768 GC heap after
Heap after GC invocations=2 (full 0):
 PSYoungGen      total 18944K, used 2536K [0x00000000eaa80000, 0x00000000ecf80000, 0x0000000100000000)
  eden space 16384K, 0% used [0x00000000eaa80000,0x00000000eaa80000,0x00000000eba80000)
  from space 2560K, 99% used [0x00000000ebd00000,0x00000000ebf7a170,0x00000000ebf80000)
  to   space 2560K, 0% used [0x00000000eba80000,0x00000000eba80000,0x00000000ebd00000)
 ParOldGen       total 42496K, used 4624K [0x00000000c0000000, 0x00000000c2980000, 0x00000000eaa80000)
  object space 42496K, 10% used [0x00000000c0000000,0x00000000c04841c0,0x00000000c2980000)
 PSPermGen       total 21504K, used 5373K [0x00000000bae00000, 0x00000000bc300000, 0x00000000c0000000)
  object space 21504K, 24% used [0x00000000bae00000,0x00000000bb33f4b8,0x00000000bc300000)
}
Event: 2.184 GC heap before
{Heap before GC invocations=3 (full 0):
 PSYoungGen      total 18944K, used 18920K [0x00000000eaa80000, 0x00000000ecf80000, 0x0000000100000000)
  eden space 16384K, 100% used [0x00000000eaa80000,0x00000000eba80000,0x00000000eba80000)
  from space 2560K, 99% used [0x00000000ebd00000,0x00000000ebf7a170,0x00000000ebf80000)
  to   space 2560K, 0% used [0x00000000eba80000,0x00000000eba80000,0x00000000ebd00000)
 ParOldGen       total 42496K, used 4624K [0x00000000c0000000, 0x00000000c2980000, 0x00000000eaa80000)
  object space 42496K, 10% used [0x00000000c0000000,0x00000000c04841c0,0x00000000c2980000)
 PSPermGen       total 21504K, used 5435K [0x00000000bae00000, 0x00000000bc300000, 0x00000000c0000000)
  object space 21504K, 25% used [0x00000000bae00000,0x00000000bb34efb8,0x00000000bc300000)
Event: 2.194 GC heap after
Heap after GC invocations=3 (full 0):
 PSYoungGen      total 18944K, used 2528K [0x00000000eaa80000, 0x00000000ecf80000, 0x0000000100000000)
  eden space 16384K, 0% used [0x00000000eaa80000,0x00000000eaa80000,0x00000000eba80000)
  from space 2560K, 98% used [0x00000000eba80000,0x00000000ebcf8028,0x00000000ebd00000)
  to   space 2560K, 0% used [0x00000000ecd00000,0x00000000ecd00000,0x00000000ecf80000)
 ParOldGen       total 42496K, used 8124K [0x00000000c0000000, 0x00000000c2980000, 0x00000000eaa80000)
  object space 42496K, 19% used [0x00000000c0000000,0x00000000c07ef068,0x00000000c2980000)
 PSPermGen       total 21504K, used 5435K [0x00000000bae00000, 0x00000000bc300000, 0x00000000c0000000)
  object space 21504K, 25% used [0x00000000bae00000,0x00000000bb34efb8,0x00000000bc300000)
}
Event: 2.478 GC heap before
{Heap before GC invocations=4 (full 0):
 PSYoungGen      total 18944K, used 18912K [0x00000000eaa80000, 0x00000000ecf80000, 0x0000000100000000)
  eden space 16384K, 100% used [0x00000000eaa80000,0x00000000eba80000,0x00000000eba80000)
  from space 2560K, 98% used [0x00000000eba80000,0x00000000ebcf8028,0x00000000ebd00000)
  to   space 2560K, 0% used [0x00000000ecd00000,0x00000000ecd00000,0x00000000ecf80000)
 ParOldGen       total 42496K, used 8124K [0x00000000c0000000, 0x00000000c2980000, 0x00000000eaa80000)
  object space 42496K, 19% used [0x00000000c0000000,0x00000000c07ef068,0x00000000c2980000)
 PSPermGen       total 21504K, used 5457K [0x00000000bae00000, 0x00000000bc300000, 0x00000000c0000000)
  object space 21504K, 25% used [0x00000000bae00000,0x00000000bb354540,0x00000000bc300000)
Event: 2.490 GC heap after
Heap after GC invocations=4 (full 0):
 PSYoungGen      total 35328K, used 2546K [0x00000000eaa80000, 0x00000000ecf80000, 0x0000000100000000)
  eden space 32768K, 0% used [0x00000000eaa80000,0x00000000eaa80000,0x00000000eca80000)
  from space 2560K, 99% used [0x00000000ecd00000,0x00000000ecf7cac0,0x00000000ecf80000)
  to   space 2560K, 0% used [0x00000000eca80000,0x00000000eca80000,0x00000000ecd00000)
 ParOldGen       total 42496K, used 11470K [0x00000000c0000000, 0x00000000c2980000, 0x00000000eaa80000)
  object space 42496K, 26% used [0x00000000c0000000,0x00000000c0b33978,0x00000000c2980000)
 PSPermGen       total 21504K, used 5457K [0x00000000bae00000, 0x00000000bc300000, 0x00000000c0000000)
  object space 21504K, 25% used [0x00000000bae00000,0x00000000bb354540,0x00000000bc300000)
}
Event: 3.054 GC heap before
{Heap before GC invocations=5 (full 0):
 PSYoungGen      total 35328K, used 35314K [0x00000000eaa80000, 0x00000000ecf80000, 0x0000000100000000)
  eden space 32768K, 100% used [0x00000000eaa80000,0x00000000eca80000,0x00000000eca80000)
  from space 2560K, 99% used [0x00000000ecd00000,0x00000000ecf7cac0,0x00000000ecf80000)
  to   space 2560K, 0% used [0x00000000eca80000,0x00000000eca80000,0x00000000ecd00000)
 ParOldGen       total 42496K, used 11470K [0x00000000c0000000, 0x00000000c2980000, 0x00000000eaa80000)
  object space 42496K, 26% used [0x00000000c0000000,0x00000000c0b33978,0x00000000c2980000)
 PSPermGen       total 21504K, used 5513K [0x00000000bae00000, 0x00000000bc300000, 0x00000000c0000000)
  object space 21504K, 25% used [0x00000000bae00000,0x00000000bb3626e8,0x00000000bc300000)
Event: 3.084 GC heap after
Heap after GC invocations=5 (full 0):
 PSYoungGen      total 35328K, used 2549K [0x00000000eaa80000, 0x00000000efa80000, 0x0000000100000000)
  eden space 32768K, 0% used [0x00000000eaa80000,0x00000000eaa80000,0x00000000eca80000)
  from space 2560K, 99% used [0x00000000eca80000,0x00000000eccfd6d8,0x00000000ecd00000)
  to   space 8192K, 0% used [0x00000000ef280000,0x00000000ef280000,0x00000000efa80000)
 ParOldGen       total 42496K, used 16690K [0x00000000c0000000, 0x00000000c2980000, 0x00000000eaa80000)
  object space 42496K, 39% used [0x00000000c0000000,0x00000000c104ca18,0x00000000c2980000)
 PSPermGen       total 21504K, used 5513K [0x00000000bae00000, 0x00000000bc300000, 0x00000000c0000000)
  object space 21504K, 25% used [0x00000000bae00000,0x00000000bb3626e8,0x00000000bc300000)
}
Event: 3.583 GC heap before
{Heap before GC invocations=6 (full 0):
 PSYoungGen      total 35328K, used 35317K [0x00000000eaa80000, 0x00000000efa80000, 0x0000000100000000)
  eden space 32768K, 100% used [0x00000000eaa80000,0x00000000eca80000,0x00000000eca80000)
  from space 2560K, 99% used [0x00000000eca80000,0x00000000eccfd6d8,0x00000000ecd00000)
  to   space 8192K, 0% used [0x00000000ef280000,0x00000000ef280000,0x00000000efa80000)
 ParOldGen       total 42496K, used 16690K [0x00000000c0000000, 0x00000000c2980000, 0x00000000eaa80000)
  object space 42496K, 39% used [0x00000000c0000000,0x00000000c104ca18,0x00000000c2980000)
 PSPermGen       total 21504K, used 5552K [0x00000000bae00000, 0x00000000bc300000, 0x00000000c0000000)
  object space 21504K, 25% used [0x00000000bae00000,0x00000000bb36c008,0x00000000bc300000)
Event: 3.596 GC heap after
Heap after GC invocations=6 (full 0):
 PSYoungGen      total 72704K, used 7835K [0x00000000eaa80000, 0x00000000efc80000, 0x0000000100000000)
  eden space 64512K, 0% used [0x00000000eaa80000,0x00000000eaa80000,0x00000000ee980000)
  from space 8192K, 95% used [0x00000000ef280000,0x00000000efa26c90,0x00000000efa80000)
  to   space 9216K, 0% used [0x00000000ee980000,0x00000000ee980000,0x00000000ef280000)
 ParOldGen       total 42496K, used 16690K [0x00000000c0000000, 0x00000000c2980000, 0x00000000eaa80000)
  object space 42496K, 39% used [0x00000000c0000000,0x00000000c104ca18,0x00000000c2980000)
 PSPermGen       total 21504K, used 5552K [0x00000000bae00000, 0x00000000bc300000, 0x00000000c0000000)
  object space 21504K, 25% used [0x00000000bae00000,0x00000000bb36c008,0x00000000bc300000)
}

Deoptimization events (10 events):
Event: 3.768 Thread 0x000000000a5b2800 Uncommon trap: reason=bimorphic action=maybe_recompile pc=0x0000000002800170 method=com.android.dx.ssa.SCCP.simulatePhi(Lcom/android/dx/ssa/PhiInsn;)V @ 124
Event: 3.775 Thread 0x000000000a647000 Uncommon trap: reason=class_check action=maybe_recompile pc=0x0000000002813240 method=com.android.dx.ssa.SCCP.simulatePhi(Lcom/android/dx/ssa/PhiInsn;)V @ 124
Event: 3.775 Thread 0x000000000a647000 Uncommon trap: reason=bimorphic action=maybe_recompile pc=0x0000000002800170 method=com.android.dx.ssa.SCCP.simulatePhi(Lcom/android/dx/ssa/PhiInsn;)V @ 124
Event: 3.775 Thread 0x000000000a647000 Uncommon trap: reason=bimorphic action=maybe_recompile pc=0x0000000002800170 method=com.android.dx.ssa.SCCP.simulatePhi(Lcom/android/dx/ssa/PhiInsn;)V @ 124
Event: 3.775 Thread 0x000000000a647000 Uncommon trap: reason=bimorphic action=maybe_recompile pc=0x0000000002800170 method=com.android.dx.ssa.SCCP.simulatePhi(Lcom/android/dx/ssa/PhiInsn;)V @ 124
Event: 3.779 Thread 0x000000000a5b2800 Uncommon trap: reason=class_check action=maybe_recompile pc=0x0000000002813240 method=com.android.dx.ssa.SCCP.simulatePhi(Lcom/android/dx/ssa/PhiInsn;)V @ 124
Event: 3.803 Thread 0x000000000a647000 Uncommon trap: reason=class_check action=maybe_recompile pc=0x0000000002813240 method=com.android.dx.ssa.SCCP.simulatePhi(Lcom/android/dx/ssa/PhiInsn;)V @ 124
Event: 3.872 Thread 0x000000000228f000 Uncommon trap: reason=unloaded action=reinterpret pc=0x000000000276c6e0 method=com.android.dx.cf.cst.ConstantPoolParser.parse0(ILjava/util/BitSet;)Lcom/android/dx/rop/cst/Constant; @ 176
Event: 3.976 Thread 0x000000000228f000 Uncommon trap: reason=class_check action=maybe_recompile pc=0x0000000002761158 method=java.util.HashMap.put(Ljava/lang/Object;Ljava/lang/Object;)Ljava/lang/Object; @ 137
Event: 4.164 Thread 0x000000000228f000 Uncommon trap: reason=class_check action=maybe_recompile pc=0x0000000002761158 method=java.util.HashMap.put(Ljava/lang/Object;Ljava/lang/Object;)Ljava/lang/Object; @ 137

Internal exceptions (10 events):
Event: 1.489 Thread 0x000000000a575800 Implicit null exception at 0x00000000027504d5 to 0x0000000002750819
Event: 1.603 Thread 0x000000000228f000 Implicit null exception at 0x000000000275a787 to 0x000000000275ae61
Event: 1.938 Thread 0x000000000a574800 Implicit null exception at 0x00000000027941e6 to 0x0000000002795795
Event: 2.735 Thread 0x000000000a575800 Threw 0x00000000eb81a948 at C:\re\jdk7u79\2331\hotspot\src\share\vm\prims\jvm.cpp:1304
Event: 2.886 Thread 0x000000000228f000 Threw 0x00000000ec069278 at C:\re\jdk7u79\2331\hotspot\src\share\vm\prims\jvm.cpp:1304
Event: 2.887 Thread 0x000000000228f000 Threw 0x00000000ec073720 at C:\re\jdk7u79\2331\hotspot\src\share\vm\prims\jvm.cpp:1304
Event: 2.888 Thread 0x000000000228f000 Threw 0x00000000ec076078 at C:\re\jdk7u79\2331\hotspot\src\share\vm\prims\jvm.cpp:1304
Event: 2.946 Thread 0x000000000a574800 Threw 0x00000000ec3bd208 at C:\re\jdk7u79\2331\hotspot\src\share\vm\prims\jvm.cpp:1304
Event: 3.476 Thread 0x000000000a575800 Implicit null exception at 0x0000000002827380 to 0x000000000282aca1
Event: 3.929 Thread 0x000000000228f000 Threw 0x00000000ebfde040 at C:\re\jdk7u79\2331\hotspot\src\share\vm\prims\jvm.cpp:1304

Events (10 events):
Event: 3.975 loading class 0x000000000c3a5e80
Event: 3.976 loading class 0x000000000c3a5e80 done
Event: 3.976 loading class 0x000000000c660de0
Event: 3.976 loading class 0x000000000c660de0 done
Event: 3.976 Thread 0x000000000228f000 Uncommon trap: trap_request=0xffffffde fr.pc=0x0000000002761158
Event: 3.976 Thread 0x000000000228f000 DEOPT PACKING pc=0x0000000002761158 sp=0x00000000026bc0f0
Event: 3.976 Thread 0x000000000228f000 DEOPT UNPACKING pc=0x00000000026f9064 sp=0x00000000026bc080 mode 2
Event: 4.164 Thread 0x000000000228f000 Uncommon trap: trap_request=0xffffffde fr.pc=0x0000000002761158
Event: 4.164 Thread 0x000000000228f000 DEOPT PACKING pc=0x0000000002761158 sp=0x00000000026bc0f0
Event: 4.164 Thread 0x000000000228f000 DEOPT UNPACKING pc=0x00000000026f9064 sp=0x00000000026bc080 mode 2


Dynamic libraries:
0x000000013f750000 - 0x000000013f783000 	C:\Program Files\Java\jdk1.7.0_79\bin\java.exe
0x0000000077c40000 - 0x0000000077deb000 	C:\Windows\SYSTEM32\ntdll.dll
0x0000000077b20000 - 0x0000000077c3f000 	C:\Windows\system32\kernel32.dll
0x000007fefdc50000 - 0x000007fefdcbb000 	C:\Windows\system32\KERNELBASE.dll
0x000007feff650000 - 0x000007feff72b000 	C:\Windows\system32\ADVAPI32.dll
0x000007fefe1b0000 - 0x000007fefe24f000 	C:\Windows\system32\msvcrt.dll
0x000007feff2c0000 - 0x000007feff2df000 	C:\Windows\SYSTEM32\sechost.dll
0x000007feff450000 - 0x000007feff57e000 	C:\Windows\system32\RPCRT4.dll
0x0000000077a20000 - 0x0000000077b1a000 	C:\Windows\system32\USER32.dll
0x000007feff2e0000 - 0x000007feff347000 	C:\Windows\system32\GDI32.dll
0x000007fefff40000 - 0x000007fefff4e000 	C:\Windows\system32\LPK.dll
0x000007fefe250000 - 0x000007fefe31a000 	C:\Windows\system32\USP10.dll
0x000007fefc680000 - 0x000007fefc874000 	C:\Windows\WinSxS\amd64_microsoft.windows.common-controls_6595b64144ccf1df_6.0.7600.16385_none_fa645303170382f6\COMCTL32.dll
0x000007feff3d0000 - 0x000007feff441000 	C:\Windows\system32\SHLWAPI.dll
0x000007fefff10000 - 0x000007fefff3e000 	C:\Windows\system32\IMM32.DLL
0x000007fefdf70000 - 0x000007fefe079000 	C:\Windows\system32\MSCTF.dll
0x000000006da30000 - 0x000000006db02000 	C:\Program Files\Java\jdk1.7.0_79\jre\bin\msvcr100.dll
0x0000000069ef0000 - 0x000000006a6c5000 	C:\Program Files\Java\jdk1.7.0_79\jre\bin\server\jvm.dll
0x000007fef7530000 - 0x000007fef7539000 	C:\Windows\system32\WSOCK32.dll
0x000007fefe080000 - 0x000007fefe0cd000 	C:\Windows\system32\WS2_32.dll
0x000007feff640000 - 0x000007feff648000 	C:\Windows\system32\NSI.dll
0x000007fef7ed0000 - 0x000007fef7f0b000 	C:\Windows\system32\WINMM.dll
0x0000000077e10000 - 0x0000000077e17000 	C:\Windows\system32\PSAPI.DLL
0x0000000074690000 - 0x000000007469f000 	C:\Program Files\Java\jdk1.7.0_79\jre\bin\verify.dll
0x000000006e440000 - 0x000000006e468000 	C:\Program Files\Java\jdk1.7.0_79\jre\bin\java.dll
0x0000000074670000 - 0x0000000074685000 	C:\Program Files\Java\jdk1.7.0_79\jre\bin\zip.dll
0x0000000072150000 - 0x000000007216a000 	C:\Program Files\Java\jdk1.7.0_79\jre\bin\net.dll
0x000007fefd3d0000 - 0x000007fefd424000 	C:\Windows\system32\mswsock.dll
0x000007fefd3c0000 - 0x000007fefd3c7000 	C:\Windows\System32\wship6.dll
0x000000006e420000 - 0x000000006e431000 	C:\Program Files\Java\jdk1.7.0_79\jre\bin\nio.dll
0x000007fef6990000 - 0x000007fef6ab5000 	C:\Windows\system32\dbghelp.dll

VM Arguments:
jvm_args: -Xmx1024M -Dfile.encoding=windows-1252 -Duser.country=US -Duser.language=en -Duser.variant 
java_command: com.android.dx.command.Main --dex --num-threads=4 --output D:\DeepakAndroid\ShineCity-mlmPanel-master\app\build\intermediates\dex\debug D:\DeepakAndroid\ShineCity-mlmPanel-master\app\build\intermediates\classes\debug D:\DeepakAndroid\ShineCity-mlmPanel-master\app\build\intermediates\pre-dexed\debug\support-annotations-23.0.1-e8a6b93e8e17510b293ed9f463b9e11ba06b6cbb.jar D:\DeepakAndroid\ShineCity-mlmPanel-master\app\build\intermediates\pre-dexed\debug\classes-1ed75a7018bc987ecc588f7537ac1c705aa97650.jar D:\DeepakAndroid\ShineCity-mlmPanel-master\app\build\intermediates\pre-dexed\debug\slider-d5b29ca9e439669cb8ba19fd6b5fb042ccca0b20.jar D:\DeepakAndroid\ShineCity-mlmPanel-master\app\build\intermediates\pre-dexed\debug\classes-02e2e7dbcac8e696b477aee3eb3267d527fdfccb.jar D:\DeepakAndroid\ShineCity-mlmPanel-master\app\build\intermediates\pre-dexed\debug\classes-9c997bd35c9c36c675b9996bafb86675f65cddcc.jar D:\DeepakAndroid\ShineCity-mlmPanel-master\app\build\intermediates\pre-dexed\debug\otto-1.3.7-cbf7c77d9dbb04cc239a6ad5aeb7969d5dff1f3c.jar D:\DeepakAndroid\ShineCity-mlmPanel-master\app\build\intermediates\pre-dexed\debug\butterknife-6.1.0-b8b04f904af153359c4a89034d33a001cade3b10.jar D:\DeepakAndroid\ShineCity-mlmPanel-master\app\build\intermediates\pre-dexed\debug\classes-3900f17d6e9b76aac8b026b8faef7f895052f18a.jar D:\DeepakAndroid\ShineCity-mlmPanel-master\app\build\intermediates\pre-dexed\debug\internal_impl-23.0.1-7043366c21651b05986e44fb5df9635bc48d2d7a.jar D:\DeepakAndroid\ShineCity-mlmPanel-master\app\build\intermediates\pre-dexed\debug\org.jbundle.util.osgi.wrapped.org.apache.http.client-4.1.2-3d30551ff1cd6699541059d71d2263850c7e9c04.jar D:\DeepakAndroid\ShineCity-mlmPanel-master\app\build\intermediates\pre-dexed\debug\classes-e75db7a2daffd185657f42ef9e3ecdd7f5e2c393.jar D:\DeepakAndroid\ShineCity-mlmPanel-master\app\build\intermediates\pre-dexed\debug\classes-5361e4299b16fb5e3dc7c97eea17636b06a511e4.jar
Launcher Type: SUN_STANDARD

Environment Variables:
JAVA_HOME=C:\Program Files\Java\jdk1.7.0_79
CLASSPATH=C:\Program Files\Java\jdk1.7.0_79\bin;
PATH=C:\Windows\system32;C:\Windows;C:\Windows\System32\Wbem;C:\Windows\System32\WindowsPowerShell\v1.0\;C:\Program Files\Microsoft\Web Platform Installer\;C:\Program Files (x86)\Microsoft ASP.NET\ASP.NET Web Pages\v1.0\;C:\Program Files\Java\jdk1.7.0_79\bin\;D:\softwares\adt-bundle-windows-x86_64-20140702\adt-bundle-windows-x86_64-20140702\sdk\tools\;D:\softwares\adt-bundle-windows-x86_64-20140702\adt-bundle-windows-x86_64-20140702\sdk\platform-tools\;C:\Users\intex\AppData\Local\Android\sdk\platform-tools;C:\Program Files (x86)\Common Files\lenovo\easyplussdk\bin;C:\Program Files (x86)\Skype\Phone\
USERNAME=intex
OS=Windows_NT
PROCESSOR_IDENTIFIER=Intel64 Family 6 Model 58 Stepping 9, GenuineIntel



---------------  S Y S T E M  ---------------

OS: Windows 7 , 64 bit Build 7600 

CPU:total 4 (2 cores per cpu, 2 threads per core) family 6 model 58 stepping 9, cmov, cx8, fxsr, mmx, sse, sse2, sse3, ssse3, sse4.1, sse4.2, popcnt, erms, ht, tsc, tscinvbit, tscinv

Memory: 4k page, physical 4085276k(366000k free), swap 8168656k(2893488k free)

vm_info: Java HotSpot(TM) 64-Bit Server VM (24.79-b02) for windows-amd64 JRE (1.7.0_79-b15), built on Apr 10 2015 12:36:16 by "java_re" with unknown MS VC++:1600

time: Mon Sep 05 18:29:27 2016
elapsed time: 4 seconds

