#
# A fatal error has been detected by the Java Runtime Environment:
#
#  EXCEPTION_ACCESS_VIOLATION (0xc0000005) at pc=0x0000000072f53690, pid=1844, tid=5652
#
# JRE version: Java(TM) SE Runtime Environment (7.0_79-b15) (build 1.7.0_79-b15)
# Java VM: Java HotSpot(TM) 64-Bit Server VM (24.79-b02 mixed mode windows-amd64 compressed oops)
# Problematic frame:
# V  [jvm.dll+0x423690]
#
# Failed to write core dump. Minidumps are not enabled by default on client versions of Windows
#
# If you would like to submit a bug report, please visit:
#   http://bugreport.java.com/bugreport/crash.jsp
#

---------------  T H R E A D  ---------------

Current thread (0x0000000008640800):  JavaThread "C2 CompilerThread0" daemon [_thread_in_native, id=5652, stack(0x00000000095c0000,0x00000000096c0000)]

siginfo: ExceptionCode=0xc0000005, reading address 0x0000000002e91ba8

Registers:
RAX=0x000000000bb22220, RBX=0x0000000000000001, RCX=0x0000000000000182, RDX=0x000000000bb27860
RSP=0x00000000096bc190, RBP=0x00000000096bc1e0, RSI=0x000000000baedb78, RDI=0xffffffffffffffff
R8 =0x0000000000000018, R9 =0x0000000000001000, R10=0x000000000b161130, R11=0x000000000ae91840
R12=0x0000000002e91b80, R13=0x00000000096bc3b0, R14=0x00000000096bc290, R15=0x0000000000000000
RIP=0x0000000072f53690, EFLAGS=0x0000000000010206

Top of Stack: (sp=0x00000000096bc190)
0x00000000096bc190:   00000000096bc3b0 000000000ae917f0
0x00000000096bc1a0:   0000000000000001 00000000096bc1e0
0x00000000096bc1b0:   00000ac800000182 0000000000000000
0x00000000096bc1c0:   00000000096b0700 000000000bb22220
0x00000000096bc1d0:   000000000217e8e0 000000000b09d1d0
0x00000000096bc1e0:   0000000000000ac0 00000000096bc390
0x00000000096bc1f0:   00000000096bc2a9 0000000072f53983
0x00000000096bc200:   000000000217e8e0 00000000096bc3b0
0x00000000096bc210:   0000000000000066 0000000000000000
0x00000000096bc220:   000000000b0a0bc0 0000000072f5175d
0x00000000096bc230:   00000000096bc2e0 000000000b01e790
0x00000000096bc240:   0000000000000016 000000003f7feb05
0x00000000096bc250:   000000000b0a51b8 000000000b0a3110
0x00000000096bc260:   0000000000000000 0000000000000000
0x00000000096bc270:   0000000000000000 0000000000000000
0x00000000096bc280:   000000000b09d1d0 000000000217e8e0 

Instructions: (pc=0x0000000072f53690)
0x0000000072f53670:   00 4c 89 a4 24 80 00 00 00 0f 1f 80 00 00 00 00
0x0000000072f53680:   ff c8 89 45 d0 48 63 c8 48 8b 45 e8 4c 8b 24 c8
0x0000000072f53690:   41 8b 4c 24 28 8b c1 c1 e8 05 41 3b 46 10 72 0d
0x0000000072f536a0:   49 8b 06 8b d1 49 8b ce ff 50 18 eb 25 49 8b 56 


Register to memory mapping:

RAX=0x000000000bb22220 is an unknown value
RBX=0x0000000000000001 is an unknown value
RCX=0x0000000000000182 is an unknown value
RDX=0x000000000bb27860 is an unknown value
RSP=0x00000000096bc190 is pointing into the stack for thread: 0x0000000008640800
RBP=0x00000000096bc1e0 is pointing into the stack for thread: 0x0000000008640800
RSI=0x000000000baedb78 is an unknown value
RDI=0xffffffffffffffff is an unknown value
R8 =0x0000000000000018 is an unknown value
R9 =0x0000000000001000 is an unknown value
R10=0x000000000b161130 is an unknown value
R11=0x000000000ae91840 is an unknown value
R12=0x0000000002e91b80 is an unknown value
R13=0x00000000096bc3b0 is pointing into the stack for thread: 0x0000000008640800
R14=0x00000000096bc290 is pointing into the stack for thread: 0x0000000008640800
R15=0x0000000000000000 is an unknown value


Stack: [0x00000000095c0000,0x00000000096c0000],  sp=0x00000000096bc190,  free space=1008k
Native frames: (J=compiled Java code, j=interpreted, Vv=VM code, C=native code)
V  [jvm.dll+0x423690]


Current CompileTask:
C2:   7435 1017             com.android.dx.merge.DexMerger::transformCode (252 bytes)


---------------  P R O C E S S  ---------------

Java Threads: ( => current thread )
  0x0000000008643800 JavaThread "Service Thread" daemon [_thread_blocked, id=1688, stack(0x0000000009f60000,0x000000000a060000)]
  0x0000000008642800 JavaThread "C2 CompilerThread1" daemon [_thread_in_native, id=4984, stack(0x0000000009df0000,0x0000000009ef0000)]
=>0x0000000008640800 JavaThread "C2 CompilerThread0" daemon [_thread_in_native, id=5652, stack(0x00000000095c0000,0x00000000096c0000)]
  0x000000000863d000 JavaThread "Attach Listener" daemon [_thread_blocked, id=1496, stack(0x0000000009b50000,0x0000000009c50000)]
  0x0000000008638000 JavaThread "Signal Dispatcher" daemon [_thread_blocked, id=5476, stack(0x0000000005da0000,0x0000000005ea0000)]
  0x00000000085e6800 JavaThread "Finalizer" daemon [_thread_blocked, id=5848, stack(0x0000000009970000,0x0000000009a70000)]
  0x00000000085df800 JavaThread "Reference Handler" daemon [_thread_blocked, id=5784, stack(0x0000000009830000,0x0000000009930000)]
  0x000000000224f000 JavaThread "main" [_thread_in_Java, id=5844, stack(0x00000000023b0000,0x00000000024b0000)]

Other Threads:
  0x00000000085dc000 VMThread [stack: 0x00000000096f0000,0x00000000097f0000] [id=3008]
  0x0000000008659000 WatcherThread [stack: 0x000000000a0f0000,0x000000000a1f0000] [id=3936]

VM state:not at safepoint (normal execution)

VM Mutex/Monitor currently owned by a thread: None

Heap
 PSYoungGen      total 140800K, used 39885K [0x00000000eaa80000, 0x00000000f4380000, 0x0000000100000000)
  eden space 128000K, 22% used [0x00000000eaa80000,0x00000000ec6be708,0x00000000f2780000)
  from space 12800K, 85% used [0x00000000f3500000,0x00000000f3fb50c0,0x00000000f4180000)
  to   space 13824K, 0% used [0x00000000f2780000,0x00000000f2780000,0x00000000f3500000)
 ParOldGen       total 42496K, used 23571K [0x00000000c0000000, 0x00000000c2980000, 0x00000000eaa80000)
  object space 42496K, 55% used [0x00000000c0000000,0x00000000c1704f30,0x00000000c2980000)
 PSPermGen       total 21504K, used 7300K [0x00000000bae00000, 0x00000000bc300000, 0x00000000c0000000)
  object space 21504K, 33% used [0x00000000bae00000,0x00000000bb521170,0x00000000bc300000)

Card table byte_map: [0x0000000005570000,0x00000000057a0000] byte_map_base: 0x0000000004f99000

Polling page: 0x0000000000330000

Code Cache  [0x00000000024b0000, 0x00000000027e0000, 0x00000000054b0000)
 total_blobs=1309 nmethods=1051 adapters=211 free_code_cache=45971Kb largest_free_block=47025984

Compilation events (10 events):
Event: 7.321 Thread 0x0000000008642800 nmethod 1046 0x000000000260fe10 code [0x000000000260ff40, 0x000000000260ff98]
Event: 7.321 Thread 0x0000000008642800 1047             com.android.dex.EncodedValueReader::readAnnotationName (8 bytes)
Event: 7.322 Thread 0x0000000008642800 nmethod 1047 0x0000000002613910 code [0x0000000002613a60, 0x0000000002613ae8]
Event: 7.322 Thread 0x0000000008642800 1048             com.android.dx.merge.IndexMap$EncodedValueTransformer::transformAnnotation (68 bytes)
Event: 7.326 Thread 0x0000000008642800 nmethod 1048 0x0000000002610c10 code [0x0000000002610dc0, 0x00000000026111c0]
Event: 7.326 Thread 0x0000000008642800 1049             com.android.dex.EncodedValueReader::<init> (20 bytes)
Event: 7.326 Thread 0x0000000008642800 nmethod 1049 0x0000000002610a10 code [0x0000000002610b40, 0x0000000002610bb8]
Event: 7.326 Thread 0x0000000008642800 1050             com.android.dex.EncodedValue::<init> (10 bytes)
Event: 7.326 Thread 0x0000000008642800 nmethod 1050 0x0000000002610810 code [0x0000000002610940, 0x0000000002610998]
Event: 7.326 Thread 0x0000000008642800 1051             com.android.dx.merge.DexMerger::transformAnnotationSet (82 bytes)

GC Heap History (10 events):
Event: 2.665 GC heap before
{Heap before GC invocations=4 (full 0):
 PSYoungGen      total 18944K, used 18930K [0x00000000eaa80000, 0x00000000ecf80000, 0x0000000100000000)
  eden space 16384K, 100% used [0x00000000eaa80000,0x00000000eba80000,0x00000000eba80000)
  from space 2560K, 99% used [0x00000000eba80000,0x00000000ebcfcac0,0x00000000ebd00000)
  to   space 2560K, 0% used [0x00000000ecd00000,0x00000000ecd00000,0x00000000ecf80000)
 ParOldGen       total 42496K, used 8463K [0x00000000c0000000, 0x00000000c2980000, 0x00000000eaa80000)
  object space 42496K, 19% used [0x00000000c0000000,0x00000000c0843f88,0x00000000c2980000)
 PSPermGen       total 21504K, used 5356K [0x00000000bae00000, 0x00000000bc300000, 0x00000000c0000000)
  object space 21504K, 24% used [0x00000000bae00000,0x00000000bb33b098,0x00000000bc300000)
Event: 2.697 GC heap after
Heap after GC invocations=4 (full 0):
 PSYoungGen      total 35328K, used 2546K [0x00000000eaa80000, 0x00000000ecf80000, 0x0000000100000000)
  eden space 32768K, 0% used [0x00000000eaa80000,0x00000000eaa80000,0x00000000eca80000)
  from space 2560K, 99% used [0x00000000ecd00000,0x00000000ecf7cac0,0x00000000ecf80000)
  to   space 2560K, 0% used [0x00000000eca80000,0x00000000eca80000,0x00000000ecd00000)
 ParOldGen       total 42496K, used 11674K [0x00000000c0000000, 0x00000000c2980000, 0x00000000eaa80000)
  object space 42496K, 27% used [0x00000000c0000000,0x00000000c0b66990,0x00000000c2980000)
 PSPermGen       total 21504K, used 5356K [0x00000000bae00000, 0x00000000bc300000, 0x00000000c0000000)
  object space 21504K, 24% used [0x00000000bae00000,0x00000000bb33b098,0x00000000bc300000)
}
Event: 3.518 GC heap before
{Heap before GC invocations=5 (full 0):
 PSYoungGen      total 35328K, used 35314K [0x00000000eaa80000, 0x00000000ecf80000, 0x0000000100000000)
  eden space 32768K, 100% used [0x00000000eaa80000,0x00000000eca80000,0x00000000eca80000)
  from space 2560K, 99% used [0x00000000ecd00000,0x00000000ecf7cac0,0x00000000ecf80000)
  to   space 2560K, 0% used [0x00000000eca80000,0x00000000eca80000,0x00000000ecd00000)
 ParOldGen       total 42496K, used 11674K [0x00000000c0000000, 0x00000000c2980000, 0x00000000eaa80000)
  object space 42496K, 27% used [0x00000000c0000000,0x00000000c0b66990,0x00000000c2980000)
 PSPermGen       total 21504K, used 5411K [0x00000000bae00000, 0x00000000bc300000, 0x00000000c0000000)
  object space 21504K, 25% used [0x00000000bae00000,0x00000000bb348de8,0x00000000bc300000)
Event: 3.671 GC heap after
Heap after GC invocations=5 (full 0):
 PSYoungGen      total 35328K, used 2546K [0x00000000eaa80000, 0x00000000ef980000, 0x0000000100000000)
  eden space 32768K, 0% used [0x00000000eaa80000,0x00000000eaa80000,0x00000000eca80000)
  from space 2560K, 99% used [0x00000000eca80000,0x00000000eccfca98,0x00000000ecd00000)
  to   space 7680K, 0% used [0x00000000ef200000,0x00000000ef200000,0x00000000ef980000)
 ParOldGen       total 42496K, used 16398K [0x00000000c0000000, 0x00000000c2980000, 0x00000000eaa80000)
  object space 42496K, 38% used [0x00000000c0000000,0x00000000c1003bd0,0x00000000c2980000)
 PSPermGen       total 21504K, used 5411K [0x00000000bae00000, 0x00000000bc300000, 0x00000000c0000000)
  object space 21504K, 25% used [0x00000000bae00000,0x00000000bb348de8,0x00000000bc300000)
}
Event: 4.302 GC heap before
{Heap before GC invocations=6 (full 0):
 PSYoungGen      total 35328K, used 35314K [0x00000000eaa80000, 0x00000000ef980000, 0x0000000100000000)
  eden space 32768K, 100% used [0x00000000eaa80000,0x00000000eca80000,0x00000000eca80000)
  from space 2560K, 99% used [0x00000000eca80000,0x00000000eccfca98,0x00000000ecd00000)
  to   space 7680K, 0% used [0x00000000ef200000,0x00000000ef200000,0x00000000ef980000)
 ParOldGen       total 42496K, used 16398K [0x00000000c0000000, 0x00000000c2980000, 0x00000000eaa80000)
  object space 42496K, 38% used [0x00000000c0000000,0x00000000c1003bd0,0x00000000c2980000)
 PSPermGen       total 21504K, used 5451K [0x00000000bae00000, 0x00000000bc300000, 0x00000000c0000000)
  object space 21504K, 25% used [0x00000000bae00000,0x00000000bb352db8,0x00000000bc300000)
Event: 4.363 GC heap after
Heap after GC invocations=6 (full 0):
 PSYoungGen      total 72192K, used 7666K [0x00000000eaa80000, 0x00000000efb80000, 0x0000000100000000)
  eden space 64512K, 0% used [0x00000000eaa80000,0x00000000eaa80000,0x00000000ee980000)
  from space 7680K, 99% used [0x00000000ef200000,0x00000000ef97caa8,0x00000000ef980000)
  to   space 8704K, 0% used [0x00000000ee980000,0x00000000ee980000,0x00000000ef200000)
 ParOldGen       total 42496K, used 16774K [0x00000000c0000000, 0x00000000c2980000, 0x00000000eaa80000)
  object space 42496K, 39% used [0x00000000c0000000,0x00000000c1061bd0,0x00000000c2980000)
 PSPermGen       total 21504K, used 5451K [0x00000000bae00000, 0x00000000bc300000, 0x00000000c0000000)
  object space 21504K, 25% used [0x00000000bae00000,0x00000000bb352db8,0x00000000bc300000)
}
Event: 6.851 GC heap before
{Heap before GC invocations=7 (full 0):
 PSYoungGen      total 72192K, used 72178K [0x00000000eaa80000, 0x00000000efb80000, 0x0000000100000000)
  eden space 64512K, 100% used [0x00000000eaa80000,0x00000000ee980000,0x00000000ee980000)
  from space 7680K, 99% used [0x00000000ef200000,0x00000000ef97caa8,0x00000000ef980000)
  to   space 8704K, 0% used [0x00000000ee980000,0x00000000ee980000,0x00000000ef200000)
 ParOldGen       total 42496K, used 16774K [0x00000000c0000000, 0x00000000c2980000, 0x00000000eaa80000)
  object space 42496K, 39% used [0x00000000c0000000,0x00000000c1061bd0,0x00000000c2980000)
 PSPermGen       total 21504K, used 7232K [0x00000000bae00000, 0x00000000bc300000, 0x00000000c0000000)
  object space 21504K, 33% used [0x00000000bae00000,0x00000000bb510398,0x00000000bc300000)
Event: 6.872 GC heap after
Heap after GC invocations=7 (full 0):
 PSYoungGen      total 73216K, used 8698K [0x00000000eaa80000, 0x00000000f4180000, 0x0000000100000000)
  eden space 64512K, 0% used [0x00000000eaa80000,0x00000000eaa80000,0x00000000ee980000)
  from space 8704K, 99% used [0x00000000ee980000,0x00000000ef1fe9e8,0x00000000ef200000)
  to   space 12800K, 0% used [0x00000000f3500000,0x00000000f3500000,0x00000000f4180000)
 ParOldGen       total 42496K, used 23523K [0x00000000c0000000, 0x00000000c2980000, 0x00000000eaa80000)
  object space 42496K, 55% used [0x00000000c0000000,0x00000000c16f8e40,0x00000000c2980000)
 PSPermGen       total 21504K, used 7232K [0x00000000bae00000, 0x00000000bc300000, 0x00000000c0000000)
  object space 21504K, 33% used [0x00000000bae00000,0x00000000bb510398,0x00000000bc300000)
}
Event: 7.330 GC heap before
{Heap before GC invocations=8 (full 0):
 PSYoungGen      total 73216K, used 73210K [0x00000000eaa80000, 0x00000000f4180000, 0x0000000100000000)
  eden space 64512K, 100% used [0x00000000eaa80000,0x00000000ee980000,0x00000000ee980000)
  from space 8704K, 99% used [0x00000000ee980000,0x00000000ef1fe9e8,0x00000000ef200000)
  to   space 12800K, 0% used [0x00000000f3500000,0x00000000f3500000,0x00000000f4180000)
 ParOldGen       total 42496K, used 23523K [0x00000000c0000000, 0x00000000c2980000, 0x00000000eaa80000)
  object space 42496K, 55% used [0x00000000c0000000,0x00000000c16f8e40,0x00000000c2980000)
 PSPermGen       total 21504K, used 7292K [0x00000000bae00000, 0x00000000bc300000, 0x00000000c0000000)
  object space 21504K, 33% used [0x00000000bae00000,0x00000000bb51f2d8,0x00000000bc300000)
Event: 7.340 GC heap after
Heap after GC invocations=8 (full 0):
 PSYoungGen      total 140800K, used 10964K [0x00000000eaa80000, 0x00000000f4380000, 0x0000000100000000)
  eden space 128000K, 0% used [0x00000000eaa80000,0x00000000eaa80000,0x00000000f2780000)
  from space 12800K, 85% used [0x00000000f3500000,0x00000000f3fb50c0,0x00000000f4180000)
  to   space 13824K, 0% used [0x00000000f2780000,0x00000000f2780000,0x00000000f3500000)
 ParOldGen       total 42496K, used 23571K [0x00000000c0000000, 0x00000000c2980000, 0x00000000eaa80000)
  object space 42496K, 55% used [0x00000000c0000000,0x00000000c1704f30,0x00000000c2980000)
 PSPermGen       total 21504K, used 7292K [0x00000000bae00000, 0x00000000bc300000, 0x00000000c0000000)
  object space 21504K, 33% used [0x00000000bae00000,0x00000000bb51f2d8,0x00000000bc300000)
}

Deoptimization events (10 events):
Event: 6.378 Thread 0x000000000224f000 Uncommon trap: reason=class_check action=maybe_recompile pc=0x00000000025496d8 method=java.util.HashMap.put(Ljava/lang/Object;Ljava/lang/Object;)Ljava/lang/Object; @ 137
Event: 6.378 Thread 0x000000000224f000 Uncommon trap: reason=class_check action=maybe_recompile pc=0x00000000025903a0 method=java.util.HashMap.<init>(IF)V @ 115
Event: 6.459 Thread 0x000000000224f000 Uncommon trap: reason=class_check action=maybe_recompile pc=0x0000000002778eec method=com.android.dex.Leb128.writeUnsignedLeb128(Lcom/android/dex/util/ByteOutput;I)V @ 40
Event: 6.459 Thread 0x000000000224f000 Uncommon trap: reason=class_check action=maybe_recompile pc=0x0000000002778eec method=com.android.dex.Leb128.writeUnsignedLeb128(Lcom/android/dex/util/ByteOutput;I)V @ 40
Event: 6.459 Thread 0x000000000224f000 Uncommon trap: reason=class_check action=maybe_recompile pc=0x0000000002778eec method=com.android.dex.Leb128.writeUnsignedLeb128(Lcom/android/dex/util/ByteOutput;I)V @ 40
Event: 6.459 Thread 0x000000000224f000 Uncommon trap: reason=class_check action=maybe_recompile pc=0x0000000002778eec method=com.android.dex.Leb128.writeUnsignedLeb128(Lcom/android/dex/util/ByteOutput;I)V @ 40
Event: 6.565 Thread 0x000000000224f000 Uncommon trap: reason=predicate action=maybe_recompile pc=0x00000000027987d4 method=com.android.dex.Leb128.writeUnsignedLeb128(Lcom/android/dex/util/ByteOutput;I)V @ 9
Event: 6.708 Thread 0x000000000224f000 Uncommon trap: reason=predicate action=maybe_recompile pc=0x000000000279e5c8 method=com.android.dex.Leb128.readUnsignedLeb128(Lcom/android/dex/util/ByteInput;)I @ 41
Event: 7.110 Thread 0x000000000224f000 Uncommon trap: reason=predicate action=maybe_recompile pc=0x0000000002564e88 method=java.util.ComparableTimSort.binarySort([Ljava/lang/Object;III)V @ 37
Event: 7.340 Thread 0x000000000224f000 Uncommon trap: reason=array_check action=maybe_recompile pc=0x0000000002616ec8 method=java.util.ComparableTimSort.binarySort([Ljava/lang/Object;III)V @ 193

Internal exceptions (10 events):
Event: 6.590 Thread 0x000000000224f000 Threw 0x00000000ed8fa620 at C:\re\jdk7u79\2331\hotspot\src\share\vm\prims\jvm.cpp:1304
Event: 6.590 Thread 0x000000000224f000 Threw 0x00000000ed8fdbf8 at C:\re\jdk7u79\2331\hotspot\src\share\vm\prims\jvm.cpp:1304
Event: 6.590 Thread 0x000000000224f000 Threw 0x00000000ed9012b0 at C:\re\jdk7u79\2331\hotspot\src\share\vm\prims\jvm.cpp:1304
Event: 6.591 Thread 0x000000000224f000 Threw 0x00000000ed905140 at C:\re\jdk7u79\2331\hotspot\src\share\vm\prims\jvm.cpp:1304
Event: 6.591 Thread 0x000000000224f000 Threw 0x00000000ed9084f0 at C:\re\jdk7u79\2331\hotspot\src\share\vm\prims\jvm.cpp:1304
Event: 6.591 Thread 0x000000000224f000 Threw 0x00000000ed90ba60 at C:\re\jdk7u79\2331\hotspot\src\share\vm\prims\jvm.cpp:1304
Event: 6.591 Thread 0x000000000224f000 Threw 0x00000000ed90f3f8 at C:\re\jdk7u79\2331\hotspot\src\share\vm\prims\jvm.cpp:1304
Event: 6.594 Thread 0x000000000224f000 Threw 0x00000000ed916e00 at C:\re\jdk7u79\2331\hotspot\src\share\vm\prims\jvm.cpp:1304
Event: 6.594 Thread 0x000000000224f000 Threw 0x00000000ed919520 at C:\re\jdk7u79\2331\hotspot\src\share\vm\prims\jvm.cpp:1304
Event: 6.904 Thread 0x000000000224f000 Threw 0x00000000eacb7de8 at C:\re\jdk7u79\2331\hotspot\src\share\vm\prims\jvm.cpp:1304

Events (10 events):
Event: 7.110 Thread 0x000000000224f000 DEOPT UNPACKING pc=0x00000000024e9064 sp=0x00000000024aeef0 mode 2
Event: 7.330 Executing VM operation: ParallelGCFailedAllocation
Event: 7.340 Executing VM operation: ParallelGCFailedAllocation done
Event: 7.340 Executing VM operation: RevokeBias
Event: 7.340 Executing VM operation: RevokeBias done
Event: 7.340 Executing VM operation: RevokeBias
Event: 7.340 Executing VM operation: RevokeBias done
Event: 7.340 Thread 0x000000000224f000 Uncommon trap: trap_request=0xffffffd6 fr.pc=0x0000000002616ec8
Event: 7.340 Thread 0x000000000224f000 DEOPT PACKING pc=0x0000000002616ec8 sp=0x00000000024aef10
Event: 7.340 Thread 0x000000000224f000 DEOPT UNPACKING pc=0x00000000024e9064 sp=0x00000000024aeed8 mode 2


Dynamic libraries:
0x000000013f600000 - 0x000000013f633000 	C:\Program Files\Java\jdk1.7.0_79\bin\java.exe
0x0000000077a40000 - 0x0000000077beb000 	C:\Windows\SYSTEM32\ntdll.dll
0x0000000077820000 - 0x000000007793f000 	C:\Windows\system32\kernel32.dll
0x000007fefdca0000 - 0x000007fefdd0b000 	C:\Windows\system32\KERNELBASE.dll
0x000007fefeeb0000 - 0x000007fefef8b000 	C:\Windows\system32\ADVAPI32.dll
0x000007fefef90000 - 0x000007feff02f000 	C:\Windows\system32\msvcrt.dll
0x000007fefddc0000 - 0x000007fefdddf000 	C:\Windows\SYSTEM32\sechost.dll
0x000007fefdde0000 - 0x000007fefdf0e000 	C:\Windows\system32\RPCRT4.dll
0x0000000077940000 - 0x0000000077a3a000 	C:\Windows\system32\USER32.dll
0x000007feff420000 - 0x000007feff487000 	C:\Windows\system32\GDI32.dll
0x000007feff390000 - 0x000007feff39e000 	C:\Windows\system32\LPK.dll
0x000007feff490000 - 0x000007feff55a000 	C:\Windows\system32\USP10.dll
0x000007fefc0e0000 - 0x000007fefc2d4000 	C:\Windows\WinSxS\amd64_microsoft.windows.common-controls_6595b64144ccf1df_6.0.7600.16385_none_fa645303170382f6\COMCTL32.dll
0x000007feff3a0000 - 0x000007feff411000 	C:\Windows\system32\SHLWAPI.dll
0x000007feff560000 - 0x000007feff58e000 	C:\Windows\system32\IMM32.DLL
0x000007feff5f0000 - 0x000007feff6f9000 	C:\Windows\system32\MSCTF.dll
0x000000006e020000 - 0x000000006e0f2000 	C:\Program Files\Java\jdk1.7.0_79\jre\bin\msvcr100.dll
0x0000000072b30000 - 0x0000000073305000 	C:\Program Files\Java\jdk1.7.0_79\jre\bin\server\jvm.dll
0x000007fef6b20000 - 0x000007fef6b29000 	C:\Windows\system32\WSOCK32.dll
0x000007fefdd70000 - 0x000007fefddbd000 	C:\Windows\system32\WS2_32.dll
0x000007feff590000 - 0x000007feff598000 	C:\Windows\system32\NSI.dll
0x000007fefa370000 - 0x000007fefa3ab000 	C:\Windows\system32\WINMM.dll
0x0000000077c10000 - 0x0000000077c17000 	C:\Windows\system32\PSAPI.DLL
0x0000000074960000 - 0x000000007496f000 	C:\Program Files\Java\jdk1.7.0_79\jre\bin\verify.dll
0x0000000074190000 - 0x00000000741b8000 	C:\Program Files\Java\jdk1.7.0_79\jre\bin\java.dll
0x0000000074170000 - 0x0000000074185000 	C:\Program Files\Java\jdk1.7.0_79\jre\bin\zip.dll
0x0000000074150000 - 0x000000007416a000 	C:\Program Files\Java\jdk1.7.0_79\jre\bin\net.dll
0x000007fefd1d0000 - 0x000007fefd224000 	C:\Windows\system32\mswsock.dll
0x000007fefd1c0000 - 0x000007fefd1c7000 	C:\Windows\System32\wship6.dll
0x0000000074130000 - 0x0000000074141000 	C:\Program Files\Java\jdk1.7.0_79\jre\bin\nio.dll
0x000007fef6350000 - 0x000007fef6475000 	C:\Windows\system32\dbghelp.dll

VM Arguments:
jvm_args: -Xmx1024M -Dfile.encoding=windows-1252 -Duser.country=US -Duser.language=en -Duser.variant 
java_command: com.android.dx.command.Main --dex --num-threads=4 --output D:\DeepakAndroid\ShineCity-mlmPanel-master\app\build\intermediates\dex\debug D:\DeepakAndroid\ShineCity-mlmPanel-master\app\build\intermediates\classes\debug D:\DeepakAndroid\ShineCity-mlmPanel-master\app\build\intermediates\pre-dexed\debug\support-annotations-23.0.1-e8a6b93e8e17510b293ed9f463b9e11ba06b6cbb.jar D:\DeepakAndroid\ShineCity-mlmPanel-master\app\build\intermediates\pre-dexed\debug\classes-1ed75a7018bc987ecc588f7537ac1c705aa97650.jar D:\DeepakAndroid\ShineCity-mlmPanel-master\app\build\intermediates\pre-dexed\debug\slider-d5b29ca9e439669cb8ba19fd6b5fb042ccca0b20.jar D:\DeepakAndroid\ShineCity-mlmPanel-master\app\build\intermediates\pre-dexed\debug\classes-02e2e7dbcac8e696b477aee3eb3267d527fdfccb.jar D:\DeepakAndroid\ShineCity-mlmPanel-master\app\build\intermediates\pre-dexed\debug\classes-9c997bd35c9c36c675b9996bafb86675f65cddcc.jar D:\DeepakAndroid\ShineCity-mlmPanel-master\app\build\intermediates\pre-dexed\debug\otto-1.3.7-cbf7c77d9dbb04cc239a6ad5aeb7969d5dff1f3c.jar D:\DeepakAndroid\ShineCity-mlmPanel-master\app\build\intermediates\pre-dexed\debug\butterknife-6.1.0-b8b04f904af153359c4a89034d33a001cade3b10.jar D:\DeepakAndroid\ShineCity-mlmPanel-master\app\build\intermediates\pre-dexed\debug\classes-3900f17d6e9b76aac8b026b8faef7f895052f18a.jar D:\DeepakAndroid\ShineCity-mlmPanel-master\app\build\intermediates\pre-dexed\debug\internal_impl-23.0.1-7043366c21651b05986e44fb5df9635bc48d2d7a.jar D:\DeepakAndroid\ShineCity-mlmPanel-master\app\build\intermediates\pre-dexed\debug\org.jbundle.util.osgi.wrapped.org.apache.http.client-4.1.2-3d30551ff1cd6699541059d71d2263850c7e9c04.jar D:\DeepakAndroid\ShineCity-mlmPanel-master\app\build\intermediates\pre-dexed\debug\classes-e75db7a2daffd185657f42ef9e3ecdd7f5e2c393.jar D:\DeepakAndroid\ShineCity-mlmPanel-master\app\build\intermediates\pre-dexed\debug\classes-5361e4299b16fb5e3dc7c97eea17636b06a511e4.jar
Launcher Type: SUN_STANDARD

Environment Variables:
JAVA_HOME=C:\Program Files\Java\jdk1.7.0_79
CLASSPATH=C:\Program Files\Java\jdk1.7.0_79\bin;
PATH=C:\Windows\system32;C:\Windows;C:\Windows\System32\Wbem;C:\Windows\System32\WindowsPowerShell\v1.0\;C:\Program Files\Microsoft\Web Platform Installer\;C:\Program Files (x86)\Microsoft ASP.NET\ASP.NET Web Pages\v1.0\;C:\Program Files\Java\jdk1.7.0_79\bin\;D:\softwares\adt-bundle-windows-x86_64-20140702\adt-bundle-windows-x86_64-20140702\sdk\tools\;D:\softwares\adt-bundle-windows-x86_64-20140702\adt-bundle-windows-x86_64-20140702\sdk\platform-tools\;C:\Users\intex\AppData\Local\Android\sdk\platform-tools;C:\Program Files (x86)\Common Files\lenovo\easyplussdk\bin;C:\Program Files (x86)\Skype\Phone\
USERNAME=intex
OS=Windows_NT
PROCESSOR_IDENTIFIER=Intel64 Family 6 Model 58 Stepping 9, GenuineIntel



---------------  S Y S T E M  ---------------

OS: Windows 7 , 64 bit Build 7600 

CPU:total 4 (2 cores per cpu, 2 threads per core) family 6 model 58 stepping 9, cmov, cx8, fxsr, mmx, sse, sse2, sse3, ssse3, sse4.1, sse4.2, popcnt, erms, ht, tsc, tscinvbit, tscinv

Memory: 4k page, physical 4085276k(233008k free), swap 8168648k(2069140k free)

vm_info: Java HotSpot(TM) 64-Bit Server VM (24.79-b02) for windows-amd64 JRE (1.7.0_79-b15), built on Apr 10 2015 12:36:16 by "java_re" with unknown MS VC++:1600

time: Fri Sep 23 11:36:54 2016
elapsed time: 7 seconds

